 2022-04-26 10:04:97 || [ [31merror[39m ] â–¶ [31muncaughtException: logger is not a function[39m
[31mTypeError: logger is not a function[39m
[31m    at Object.<anonymous> (C:\Users\flash106\Desktop\í”„ë¡œì íŠ¸\Daegu-inmun-server-app\app.js:21:9)[39m
[31m    at Module._compile (node:internal/modules/cjs/loader:1101:14)[39m
[31m    at Object.Module._extensions..js (node:internal/modules/cjs/loader:1153:10)[39m
[31m    at Module.load (node:internal/modules/cjs/loader:981:32)[39m
[31m    at Function.Module._load (node:internal/modules/cjs/loader:822:12)[39m
[31m    at Module.require (node:internal/modules/cjs/loader:1005:19)[39m
[31m    at require (node:internal/modules/cjs/helpers:102:18)[39m
[31m    at Object.<anonymous> (C:\Users\flash106\Desktop\í”„ë¡œì íŠ¸\Daegu-inmun-server-app\bin\www:7:11)[39m
[31m    at Module._compile (node:internal/modules/cjs/loader:1101:14)[39m
[31m    at Object.Module._extensions..js (node:internal/modules/cjs/loader:1153:10)[39m
 2022-04-26 10:04:19 || [ [32minfo[39m ] â–¶ [32më¡œê·¸ ì¶œë ¥ testìš© middleware[39m
 2022-04-26 10:04:19 || [ [31merror[39m ] â–¶ [31merror ë©”ì‹œì§€[39m
 2022-04-26 10:04:19 || [ [33mwarn[39m ] â–¶ [33mwarn ë©”ì‹œì§€[39m
 2022-04-26 10:04:19 || [ [32minfo[39m ] â–¶ [32minfo ë©”ì‹œì§€[39m
 2022-04-26 10:04:21 || [ [32minfo[39m ] â–¶ [32më¡œê·¸ ì¶œë ¥ testìš© middleware[39m
 2022-04-26 10:04:21 || [ [31merror[39m ] â–¶ [31merror ë©”ì‹œì§€[39m
 2022-04-26 10:04:21 || [ [33mwarn[39m ] â–¶ [33mwarn ë©”ì‹œì§€[39m
 2022-04-26 10:04:22 || [ [32minfo[39m ] â–¶ [32minfo ë©”ì‹œì§€[39m
 2022-04-26 10:04:31 || [ [32minfo[39m ] â–¶ [32më¡œê·¸ ì¶œë ¥ testìš© middleware[39m
 2022-04-26 10:04:31 || [ [31merror[39m ] â–¶ [31merror ë©”ì‹œì§€[39m
 2022-04-26 10:04:31 || [ [33mwarn[39m ] â–¶ [33mwarn ë©”ì‹œì§€[39m
 2022-04-26 10:04:31 || [ [32minfo[39m ] â–¶ [32minfo ë©”ì‹œì§€[39m
 2022-04-26 10:04:32 || [ [32minfo[39m ] â–¶ [32më¡œê·¸ ì¶œë ¥ testìš© middleware[39m
 2022-04-26 10:04:32 || [ [31merror[39m ] â–¶ [31merror ë©”ì‹œì§€[39m
 2022-04-26 10:04:32 || [ [33mwarn[39m ] â–¶ [33mwarn ë©”ì‹œì§€[39m
 2022-04-26 10:04:32 || [ [32minfo[39m ] â–¶ [32minfo ë©”ì‹œì§€[39m
 2022-04-26 10:04:33 || [ [32minfo[39m ] â–¶ [32më¡œê·¸ ì¶œë ¥ testìš© middleware[39m
 2022-04-26 10:04:34 || [ [31merror[39m ] â–¶ [31merror ë©”ì‹œì§€[39m
 2022-04-26 10:04:34 || [ [33mwarn[39m ] â–¶ [33mwarn ë©”ì‹œì§€[39m
 2022-04-26 10:04:34 || [ [32minfo[39m ] â–¶ [32minfo ë©”ì‹œì§€[39m
 2022-04-26 10:04:46 || [ [32minfo[39m ] â–¶ [32më¡œê·¸ ì¶œë ¥ testìš© middleware[39m
 2022-04-26 10:04:46 || [ [31merror[39m ] â–¶ [31merror ë©”ì‹œì§€[39m
 2022-04-26 10:04:46 || [ [33mwarn[39m ] â–¶ [33mwarn ë©”ì‹œì§€[39m
 2022-04-26 10:04:46 || [ [32minfo[39m ] â–¶ [32minfo ë©”ì‹œì§€[39m
 2022-04-26 10:04:47 || [ [32minfo[39m ] â–¶ [32më¡œê·¸ ì¶œë ¥ testìš© middleware[39m
 2022-04-26 10:04:47 || [ [31merror[39m ] â–¶ [31merror ë©”ì‹œì§€[39m
 2022-04-26 10:04:47 || [ [33mwarn[39m ] â–¶ [33mwarn ë©”ì‹œì§€[39m
 2022-04-26 10:04:47 || [ [32minfo[39m ] â–¶ [32minfo ë©”ì‹œì§€[39m
 2022-04-26 10:04:47 || [ [32minfo[39m ] â–¶ [32më¡œê·¸ ì¶œë ¥ testìš© middleware[39m
 2022-04-26 10:04:47 || [ [31merror[39m ] â–¶ [31merror ë©”ì‹œì§€[39m
 2022-04-26 10:04:47 || [ [33mwarn[39m ] â–¶ [33mwarn ë©”ì‹œì§€[39m
 2022-04-26 10:04:48 || [ [32minfo[39m ] â–¶ [32minfo ë©”ì‹œì§€[39m
 2022-04-26 10:04:56 || [ [32minfo[39m ] â–¶ [32më¡œê·¸ ì¶œë ¥ testìš© middleware[39m
 2022-04-26 10:04:56 || [ [31merror[39m ] â–¶ [31merror ë©”ì‹œì§€[39m
 2022-04-26 10:04:56 || [ [33mwarn[39m ] â–¶ [33mwarn ë©”ì‹œì§€[39m
 2022-04-26 10:04:56 || [ [32minfo[39m ] â–¶ [32minfo ë©”ì‹œì§€[39m
 2022-04-26 10:04:17 || [ [32minfo[39m ] â–¶ [32më¡œê·¸ ì¶œë ¥ testìš© middleware[39m
 2022-04-26 10:04:17 || [ [31merror[39m ] â–¶ [31merror ë©”ì‹œì§€[39m
 2022-04-26 10:04:17 || [ [33mwarn[39m ] â–¶ [33mwarn ë©”ì‹œì§€[39m
 2022-04-26 10:04:17 || [ [32minfo[39m ] â–¶ [32minfo ë©”ì‹œì§€[39m
 2022-04-26 10:04:32 || [ [31merror[39m ] â–¶ [31muncaughtException: models is not defined[39m
[31mReferenceError: models is not defined[39m
[31m    at C:\Users\flash106\Desktop\í”„ë¡œì íŠ¸\Daegu-inmun-server-app\routes\admin_api\m_login.js:20:21[39m
[31m    at Layer.handle [as handle_request] (C:\Users\flash106\Desktop\í”„ë¡œì íŠ¸\Daegu-inmun-server-app\node_modules\express\lib\router\layer.js:95:5)[39m
[31m    at next (C:\Users\flash106\Desktop\í”„ë¡œì íŠ¸\Daegu-inmun-server-app\node_modules\express\lib\router\route.js:137:13)[39m
[31m    at Route.dispatch (C:\Users\flash106\Desktop\í”„ë¡œì íŠ¸\Daegu-inmun-server-app\node_modules\express\lib\router\route.js:112:3)[39m
[31m    at Layer.handle [as handle_request] (C:\Users\flash106\Desktop\í”„ë¡œì íŠ¸\Daegu-inmun-server-app\node_modules\express\lib\router\layer.js:95:5)[39m
[31m    at C:\Users\flash106\Desktop\í”„ë¡œì íŠ¸\Daegu-inmun-server-app\node_modules\express\lib\router\index.js:281:22[39m
[31m    at Function.process_params (C:\Users\flash106\Desktop\í”„ë¡œì íŠ¸\Daegu-inmun-server-app\node_modules\express\lib\router\index.js:341:12)[39m
[31m    at next (C:\Users\flash106\Desktop\í”„ë¡œì íŠ¸\Daegu-inmun-server-app\node_modules\express\lib\router\index.js:275:10)[39m
[31m    at Function.handle (C:\Users\flash106\Desktop\í”„ë¡œì íŠ¸\Daegu-inmun-server-app\node_modules\express\lib\router\index.js:174:3)[39m
[31m    at router (C:\Users\flash106\Desktop\í”„ë¡œì íŠ¸\Daegu-inmun-server-app\node_modules\express\lib\router\index.js:47:12)[39m
 2022-04-26 10:04:88 || [ [31merror[39m ] â–¶ [31muncaughtException: models is not defined[39m
[31mReferenceError: models is not defined[39m
[31m    at C:\Users\flash106\Desktop\í”„ë¡œì íŠ¸\Daegu-inmun-server-app\routes\admin_api\m_login.js:20:21[39m
[31m    at Layer.handle [as handle_request] (C:\Users\flash106\Desktop\í”„ë¡œì íŠ¸\Daegu-inmun-server-app\node_modules\express\lib\router\layer.js:95:5)[39m
[31m    at next (C:\Users\flash106\Desktop\í”„ë¡œì íŠ¸\Daegu-inmun-server-app\node_modules\express\lib\router\route.js:137:13)[39m
[31m    at Route.dispatch (C:\Users\flash106\Desktop\í”„ë¡œì íŠ¸\Daegu-inmun-server-app\node_modules\express\lib\router\route.js:112:3)[39m
[31m    at Layer.handle [as handle_request] (C:\Users\flash106\Desktop\í”„ë¡œì íŠ¸\Daegu-inmun-server-app\node_modules\express\lib\router\layer.js:95:5)[39m
[31m    at C:\Users\flash106\Desktop\í”„ë¡œì íŠ¸\Daegu-inmun-server-app\node_modules\express\lib\router\index.js:281:22[39m
[31m    at Function.process_params (C:\Users\flash106\Desktop\í”„ë¡œì íŠ¸\Daegu-inmun-server-app\node_modules\express\lib\router\index.js:341:12)[39m
[31m    at next (C:\Users\flash106\Desktop\í”„ë¡œì íŠ¸\Daegu-inmun-server-app\node_modules\express\lib\router\index.js:275:10)[39m
[31m    at Function.handle (C:\Users\flash106\Desktop\í”„ë¡œì íŠ¸\Daegu-inmun-server-app\node_modules\express\lib\router\index.js:174:3)[39m
[31m    at router (C:\Users\flash106\Desktop\í”„ë¡œì íŠ¸\Daegu-inmun-server-app\node_modules\express\lib\router\index.js:47:12)[39m
 2022-04-26 11:04:72 || [ [31merror[39m ] â–¶ [31muncaughtException: models is not defined[39m
[31mReferenceError: models is not defined[39m
[31m    at C:\Users\flash106\Desktop\í”„ë¡œì íŠ¸\Daegu-inmun-server-app\routes\admin_api\m_login.js:20:21[39m
[31m    at Layer.handle [as handle_request] (C:\Users\flash106\Desktop\í”„ë¡œì íŠ¸\Daegu-inmun-server-app\node_modules\express\lib\router\layer.js:95:5)[39m
[31m    at next (C:\Users\flash106\Desktop\í”„ë¡œì íŠ¸\Daegu-inmun-server-app\node_modules\express\lib\router\route.js:137:13)[39m
[31m    at Route.dispatch (C:\Users\flash106\Desktop\í”„ë¡œì íŠ¸\Daegu-inmun-server-app\node_modules\express\lib\router\route.js:112:3)[39m
[31m    at Layer.handle [as handle_request] (C:\Users\flash106\Desktop\í”„ë¡œì íŠ¸\Daegu-inmun-server-app\node_modules\express\lib\router\layer.js:95:5)[39m
[31m    at C:\Users\flash106\Desktop\í”„ë¡œì íŠ¸\Daegu-inmun-server-app\node_modules\express\lib\router\index.js:281:22[39m
[31m    at Function.process_params (C:\Users\flash106\Desktop\í”„ë¡œì íŠ¸\Daegu-inmun-server-app\node_modules\express\lib\router\index.js:341:12)[39m
[31m    at next (C:\Users\flash106\Desktop\í”„ë¡œì íŠ¸\Daegu-inmun-server-app\node_modules\express\lib\router\index.js:275:10)[39m
[31m    at Function.handle (C:\Users\flash106\Desktop\í”„ë¡œì íŠ¸\Daegu-inmun-server-app\node_modules\express\lib\router\index.js:174:3)[39m
[31m    at router (C:\Users\flash106\Desktop\í”„ë¡œì íŠ¸\Daegu-inmun-server-app\node_modules\express\lib\router\index.js:47:12)[39m
 2022-04-26 11:04:41 || [ [31merror[39m ] â–¶ [31muncaughtException: models is not defined[39m
[31mReferenceError: models is not defined[39m
[31m    at C:\Users\flash106\Desktop\í”„ë¡œì íŠ¸\Daegu-inmun-server-app\routes\admin_api\m_login.js:20:21[39m
[31m    at Layer.handle [as handle_request] (C:\Users\flash106\Desktop\í”„ë¡œì íŠ¸\Daegu-inmun-server-app\node_modules\express\lib\router\layer.js:95:5)[39m
[31m    at next (C:\Users\flash106\Desktop\í”„ë¡œì íŠ¸\Daegu-inmun-server-app\node_modules\express\lib\router\route.js:137:13)[39m
[31m    at Route.dispatch (C:\Users\flash106\Desktop\í”„ë¡œì íŠ¸\Daegu-inmun-server-app\node_modules\express\lib\router\route.js:112:3)[39m
[31m    at Layer.handle [as handle_request] (C:\Users\flash106\Desktop\í”„ë¡œì íŠ¸\Daegu-inmun-server-app\node_modules\express\lib\router\layer.js:95:5)[39m
[31m    at C:\Users\flash106\Desktop\í”„ë¡œì íŠ¸\Daegu-inmun-server-app\node_modules\express\lib\router\index.js:281:22[39m
[31m    at Function.process_params (C:\Users\flash106\Desktop\í”„ë¡œì íŠ¸\Daegu-inmun-server-app\node_modules\express\lib\router\index.js:341:12)[39m
[31m    at next (C:\Users\flash106\Desktop\í”„ë¡œì íŠ¸\Daegu-inmun-server-app\node_modules\express\lib\router\index.js:275:10)[39m
[31m    at Function.handle (C:\Users\flash106\Desktop\í”„ë¡œì íŠ¸\Daegu-inmun-server-app\node_modules\express\lib\router\index.js:174:3)[39m
[31m    at router (C:\Users\flash106\Desktop\í”„ë¡œì íŠ¸\Daegu-inmun-server-app\node_modules\express\lib\router\index.js:47:12)[39m
 2022-04-26 11:04:54 || [ [31merror[39m ] â–¶ [31muncaughtException: models is not defined[39m
[31mReferenceError: models is not defined[39m
[31m    at C:\Users\flash106\Desktop\í”„ë¡œì íŠ¸\Daegu-inmun-server-app\routes\admin_api\m_login.js:20:21[39m
[31m    at Layer.handle [as handle_request] (C:\Users\flash106\Desktop\í”„ë¡œì íŠ¸\Daegu-inmun-server-app\node_modules\express\lib\router\layer.js:95:5)[39m
[31m    at next (C:\Users\flash106\Desktop\í”„ë¡œì íŠ¸\Daegu-inmun-server-app\node_modules\express\lib\router\route.js:137:13)[39m
[31m    at Route.dispatch (C:\Users\flash106\Desktop\í”„ë¡œì íŠ¸\Daegu-inmun-server-app\node_modules\express\lib\router\route.js:112:3)[39m
[31m    at Layer.handle [as handle_request] (C:\Users\flash106\Desktop\í”„ë¡œì íŠ¸\Daegu-inmun-server-app\node_modules\express\lib\router\layer.js:95:5)[39m
[31m    at C:\Users\flash106\Desktop\í”„ë¡œì íŠ¸\Daegu-inmun-server-app\node_modules\express\lib\router\index.js:281:22[39m
[31m    at Function.process_params (C:\Users\flash106\Desktop\í”„ë¡œì íŠ¸\Daegu-inmun-server-app\node_modules\express\lib\router\index.js:341:12)[39m
[31m    at next (C:\Users\flash106\Desktop\í”„ë¡œì íŠ¸\Daegu-inmun-server-app\node_modules\express\lib\router\index.js:275:10)[39m
[31m    at Function.handle (C:\Users\flash106\Desktop\í”„ë¡œì íŠ¸\Daegu-inmun-server-app\node_modules\express\lib\router\index.js:174:3)[39m
[31m    at router (C:\Users\flash106\Desktop\í”„ë¡œì íŠ¸\Daegu-inmun-server-app\node_modules\express\lib\router\index.js:47:12)[39m
 2022-04-26 11:04:64 || [ [31merror[39m ] â–¶ [31muncaughtException: stream is not defined[39m
[31mReferenceError: stream is not defined[39m
[31m    at Object.<anonymous> (C:\Users\flash106\Desktop\í”„ë¡œì íŠ¸\Daegu-inmun-server-app\app.js:21:148)[39m
[31m    at Module._compile (node:internal/modules/cjs/loader:1101:14)[39m
[31m    at Object.Module._extensions..js (node:internal/modules/cjs/loader:1153:10)[39m
[31m    at Module.load (node:internal/modules/cjs/loader:981:32)[39m
[31m    at Function.Module._load (node:internal/modules/cjs/loader:822:12)[39m
[31m    at Module.require (node:internal/modules/cjs/loader:1005:19)[39m
[31m    at require (node:internal/modules/cjs/helpers:102:18)[39m
[31m    at Object.<anonymous> (C:\Users\flash106\Desktop\í”„ë¡œì íŠ¸\Daegu-inmun-server-app\bin\www:7:11)[39m
[31m    at Module._compile (node:internal/modules/cjs/loader:1101:14)[39m
[31m    at Object.Module._extensions..js (node:internal/modules/cjs/loader:1153:10)[39m
 2022-04-26 11:04:73 || [ [31merror[39m ] â–¶ [31muncaughtException: models is not defined[39m
[31mReferenceError: models is not defined[39m
[31m    at C:\Users\flash106\Desktop\í”„ë¡œì íŠ¸\Daegu-inmun-server-app\routes\admin_api\m_login.js:20:21[39m
[31m    at Layer.handle [as handle_request] (C:\Users\flash106\Desktop\í”„ë¡œì íŠ¸\Daegu-inmun-server-app\node_modules\express\lib\router\layer.js:95:5)[39m
[31m    at next (C:\Users\flash106\Desktop\í”„ë¡œì íŠ¸\Daegu-inmun-server-app\node_modules\express\lib\router\route.js:137:13)[39m
[31m    at Route.dispatch (C:\Users\flash106\Desktop\í”„ë¡œì íŠ¸\Daegu-inmun-server-app\node_modules\express\lib\router\route.js:112:3)[39m
[31m    at Layer.handle [as handle_request] (C:\Users\flash106\Desktop\í”„ë¡œì íŠ¸\Daegu-inmun-server-app\node_modules\express\lib\router\layer.js:95:5)[39m
[31m    at C:\Users\flash106\Desktop\í”„ë¡œì íŠ¸\Daegu-inmun-server-app\node_modules\express\lib\router\index.js:281:22[39m
[31m    at Function.process_params (C:\Users\flash106\Desktop\í”„ë¡œì íŠ¸\Daegu-inmun-server-app\node_modules\express\lib\router\index.js:341:12)[39m
[31m    at next (C:\Users\flash106\Desktop\í”„ë¡œì íŠ¸\Daegu-inmun-server-app\node_modules\express\lib\router\index.js:275:10)[39m
[31m    at Function.handle (C:\Users\flash106\Desktop\í”„ë¡œì íŠ¸\Daegu-inmun-server-app\node_modules\express\lib\router\index.js:174:3)[39m
[31m    at router (C:\Users\flash106\Desktop\í”„ë¡œì íŠ¸\Daegu-inmun-server-app\node_modules\express\lib\router\index.js:47:12)[39m
 2022-04-26 11:04:57 || [ [31merror[39m ] â–¶ [31muncaughtException: models is not defined[39m
[31mReferenceError: models is not defined[39m
[31m    at C:\Users\flash106\Desktop\í”„ë¡œì íŠ¸\Daegu-inmun-server-app\routes\admin_api\m_login.js:20:21[39m
[31m    at Layer.handle [as handle_request] (C:\Users\flash106\Desktop\í”„ë¡œì íŠ¸\Daegu-inmun-server-app\node_modules\express\lib\router\layer.js:95:5)[39m
[31m    at next (C:\Users\flash106\Desktop\í”„ë¡œì íŠ¸\Daegu-inmun-server-app\node_modules\express\lib\router\route.js:137:13)[39m
[31m    at Route.dispatch (C:\Users\flash106\Desktop\í”„ë¡œì íŠ¸\Daegu-inmun-server-app\node_modules\express\lib\router\route.js:112:3)[39m
[31m    at Layer.handle [as handle_request] (C:\Users\flash106\Desktop\í”„ë¡œì íŠ¸\Daegu-inmun-server-app\node_modules\express\lib\router\layer.js:95:5)[39m
[31m    at C:\Users\flash106\Desktop\í”„ë¡œì íŠ¸\Daegu-inmun-server-app\node_modules\express\lib\router\index.js:281:22[39m
[31m    at Function.process_params (C:\Users\flash106\Desktop\í”„ë¡œì íŠ¸\Daegu-inmun-server-app\node_modules\express\lib\router\index.js:341:12)[39m
[31m    at next (C:\Users\flash106\Desktop\í”„ë¡œì íŠ¸\Daegu-inmun-server-app\node_modules\express\lib\router\index.js:275:10)[39m
[31m    at Function.handle (C:\Users\flash106\Desktop\í”„ë¡œì íŠ¸\Daegu-inmun-server-app\node_modules\express\lib\router\index.js:174:3)[39m
[31m    at router (C:\Users\flash106\Desktop\í”„ë¡œì íŠ¸\Daegu-inmun-server-app\node_modules\express\lib\router\index.js:47:12)[39m
 2022-04-26 11:04:89 || [ [31merror[39m ] â–¶ [31muncaughtException: models is not defined[39m
[31mReferenceError: models is not defined[39m
[31m    at C:\Users\flash106\Desktop\í”„ë¡œì íŠ¸\Daegu-inmun-server-app\routes\admin_api\m_login.js:20:21[39m
[31m    at Layer.handle [as handle_request] (C:\Users\flash106\Desktop\í”„ë¡œì íŠ¸\Daegu-inmun-server-app\node_modules\express\lib\router\layer.js:95:5)[39m
[31m    at next (C:\Users\flash106\Desktop\í”„ë¡œì íŠ¸\Daegu-inmun-server-app\node_modules\express\lib\router\route.js:137:13)[39m
[31m    at Route.dispatch (C:\Users\flash106\Desktop\í”„ë¡œì íŠ¸\Daegu-inmun-server-app\node_modules\express\lib\router\route.js:112:3)[39m
[31m    at Layer.handle [as handle_request] (C:\Users\flash106\Desktop\í”„ë¡œì íŠ¸\Daegu-inmun-server-app\node_modules\express\lib\router\layer.js:95:5)[39m
[31m    at C:\Users\flash106\Desktop\í”„ë¡œì íŠ¸\Daegu-inmun-server-app\node_modules\express\lib\router\index.js:281:22[39m
[31m    at Function.process_params (C:\Users\flash106\Desktop\í”„ë¡œì íŠ¸\Daegu-inmun-server-app\node_modules\express\lib\router\index.js:341:12)[39m
[31m    at next (C:\Users\flash106\Desktop\í”„ë¡œì íŠ¸\Daegu-inmun-server-app\node_modules\express\lib\router\index.js:275:10)[39m
[31m    at Function.handle (C:\Users\flash106\Desktop\í”„ë¡œì íŠ¸\Daegu-inmun-server-app\node_modules\express\lib\router\index.js:174:3)[39m
[31m    at router (C:\Users\flash106\Desktop\í”„ë¡œì íŠ¸\Daegu-inmun-server-app\node_modules\express\lib\router\index.js:47:12)[39m
